<?xml version="1.0" encoding="UTF-8"?>
<!-- Generated by org.testng.reporters.JUnitReportReporter -->
<testsuite hostname="DESKTOP-9TL849S" failures="0" tests="1" name="com.qaelearn_Test.Qaelearn_LoginTest" time="30.778" errors="0" timestamp="2023-05-04T14:58:06 BDT" skipped="0">
  <testcase classname="com.qaelearn_Test.Qaelearn_LoginTest" name="signinpage" time="30.778"/>
  <system-out/>
</testsuite> <!-- com.qaelearn_Test.Qaelearn_LoginTest -->
